<?xml version="1.0" encoding="UTF-8"?>
<!-- Generated by org.testng.reporters.JUnitReportReporter -->
<testsuite hostname="AmolPC" failures="0" tests="2" name="cucumberOptions.TestNG_TestRunner" time="0.111" errors="0" timestamp="2022-11-23T17:18:05 IST" skipped="0">
  <testcase classname="cucumberOptions.TestNG_TestRunner" name="runScenario" time="0.009"/>
  <system-out/>
  <testcase classname="cucumberOptions.TestNG_TestRunner" name="runScenario" time="0.102"/>
  <system-out/>
</testsuite> <!-- cucumberOptions.TestNG_TestRunner -->
